<?xml version="1.0" encoding="UTF-8"?>
<coverage generated="1570009732068" clover="3.2.0">
  <project timestamp="1570009732068" name="All files">
    <metrics statements="68" coveredstatements="68" conditionals="24" coveredconditionals="20" methods="23" coveredmethods="23" elements="115" coveredelements="111" complexity="0" loc="68" ncloc="68" packages="1" files="4" classes="4"/>
    <file name="docking_station.js" path="/Users/student/Desktop/final-project/Sadiq-s-Scooters/lib/docking_station.js">
      <metrics statements="14" coveredstatements="14" conditionals="4" coveredconditionals="3" methods="7" coveredmethods="7"/>
      <line num="3" count="6" type="stmt"/>
      <line num="4" count="6" type="stmt"/>
      <line num="6" count="6" type="stmt"/>
      <line num="10" count="2" type="stmt"/>
      <line num="13" count="2" type="stmt"/>
      <line num="17" count="1" type="stmt"/>
      <line num="21" count="1" type="stmt"/>
      <line num="26" count="6" type="cond" truecount="2" falsecount="0"/>
      <line num="27" count="2" type="stmt"/>
      <line num="28" count="2" type="stmt"/>
      <line num="29" count="2" type="stmt"/>
      <line num="30" count="2" type="cond" truecount="1" falsecount="1"/>
      <line num="31" count="2" type="stmt"/>
      <line num="39" count="1" type="stmt"/>
    </file>
    <file name="person.js" path="/Users/student/Desktop/final-project/Sadiq-s-Scooters/lib/person.js">
      <metrics statements="42" coveredstatements="42" conditionals="20" coveredconditionals="17" methods="8" coveredmethods="8"/>
      <line num="4" count="8" type="stmt"/>
      <line num="5" count="8" type="stmt"/>
      <line num="6" count="8" type="stmt"/>
      <line num="7" count="8" type="stmt"/>
      <line num="8" count="8" type="stmt"/>
      <line num="9" count="8" type="stmt"/>
      <line num="11" count="8" type="cond" truecount="2" falsecount="0"/>
      <line num="12" count="5" type="cond" truecount="1" falsecount="1"/>
      <line num="13" count="5" type="stmt"/>
      <line num="15" count="5" type="cond" truecount="1" falsecount="1"/>
      <line num="16" count="5" type="stmt"/>
      <line num="18" count="5" type="cond" truecount="1" falsecount="1"/>
      <line num="19" count="5" type="stmt"/>
      <line num="21" count="5" type="cond" truecount="2" falsecount="0"/>
      <line num="22" count="1" type="stmt"/>
      <line num="29" count="5" type="stmt"/>
      <line num="33" count="62" type="stmt"/>
      <line num="37" count="1" type="stmt"/>
      <line num="42" count="199" type="cond" truecount="2" falsecount="0"/>
      <line num="43" count="27" type="cond" truecount="2" falsecount="0"/>
      <line num="44" count="1" type="stmt"/>
      <line num="45" count="1" type="stmt"/>
      <line num="48" count="26" type="stmt"/>
      <line num="49" count="26" type="stmt"/>
      <line num="50" count="172" type="cond" truecount="2" falsecount="0"/>
      <line num="51" count="8" type="stmt"/>
      <line num="52" count="8" type="stmt"/>
      <line num="55" count="164" type="stmt"/>
      <line num="57" count="164" type="stmt"/>
      <line num="61" count="164" type="stmt"/>
      <line num="62" count="164" type="stmt"/>
      <line num="63" count="164" type="stmt"/>
      <line num="65" count="164" type="stmt"/>
      <line num="66" count="164" type="stmt"/>
      <line num="70" count="245" type="cond" truecount="2" falsecount="0"/>
      <line num="74" count="174" type="stmt"/>
      <line num="75" count="174" type="stmt"/>
      <line num="76" count="174" type="stmt"/>
      <line num="77" count="174" type="cond" truecount="2" falsecount="0"/>
      <line num="78" count="10" type="stmt"/>
      <line num="80" count="164" type="stmt"/>
      <line num="85" count="2" type="stmt"/>
    </file>
    <file name="scooter.js" path="/Users/student/Desktop/final-project/Sadiq-s-Scooters/lib/scooter.js">
      <metrics statements="3" coveredstatements="3" conditionals="0" coveredconditionals="0" methods="2" coveredmethods="2"/>
      <line num="3" count="1" type="stmt"/>
      <line num="7" count="1" type="stmt"/>
      <line num="11" count="1" type="stmt"/>
    </file>
    <file name="world.js" path="/Users/student/Desktop/final-project/Sadiq-s-Scooters/lib/world.js">
      <metrics statements="9" coveredstatements="9" conditionals="0" coveredconditionals="0" methods="6" coveredmethods="6"/>
      <line num="1" count="1" type="stmt"/>
      <line num="5" count="3" type="stmt"/>
      <line num="9" count="9" type="stmt"/>
      <line num="13" count="2" type="stmt"/>
      <line num="19" count="116" type="stmt"/>
      <line num="20" count="58" type="stmt"/>
      <line num="24" count="116" type="stmt"/>
      <line num="25" count="56" type="stmt"/>
      <line num="31" count="1" type="stmt"/>
    </file>
  </project>
</coverage>
