{"/Users/student/Desktop/final-project/Sadiq-s-Scooters/lib/docking_station.js": {"path":"/Users/student/Desktop/final-project/Sadiq-s-Scooters/lib/docking_station.js","statementMap":{"0":{"start":{"line":3,"column":4},"end":{"line":3,"column":31}},"1":{"start":{"line":4,"column":4},"end":{"line":4,"column":19}},"2":{"start":{"line":6,"column":4},"end":{"line":6,"column":28}},"3":{"start":{"line":10,"column":4},"end":{"line":10,"column":26}},"4":{"start":{"line":13,"column":4},"end":{"line":13,"column":22}},"5":{"start":{"line":17,"column":4},"end":{"line":17,"column":21}},"6":{"start":{"line":21,"column":4},"end":{"line":21,"column":16}},"7":{"start":{"line":26,"column":4},"end":{"line":34,"column":5}},"8":{"start":{"line":27,"column":23},"end":{"line":27,"column":43}},"9":{"start":{"line":28,"column":31},"end":{"line":28,"column":48}},"10":{"start":{"line":29,"column":6},"end":{"line":33,"column":9}},"11":{"start":{"line":30,"column":8},"end":{"line":32,"column":9}},"12":{"start":{"line":31,"column":10},"end":{"line":31,"column":53}},"13":{"start":{"line":39,"column":0},"end":{"line":39,"column":32}}},"fnMap":{"0":{"name":"(anonymous_0)","decl":{"start":{"line":2,"column":2},"end":{"line":2,"column":3}},"loc":{"start":{"line":2,"column":23},"end":{"line":7,"column":3}},"line":2},"1":{"name":"(anonymous_1)","decl":{"start":{"line":9,"column":2},"end":{"line":9,"column":3}},"loc":{"start":{"line":9,"column":17},"end":{"line":11,"column":3}},"line":9},"2":{"name":"(anonymous_2)","decl":{"start":{"line":12,"column":2},"end":{"line":12,"column":3}},"loc":{"start":{"line":12,"column":13},"end":{"line":14,"column":3}},"line":12},"3":{"name":"(anonymous_3)","decl":{"start":{"line":16,"column":2},"end":{"line":16,"column":3}},"loc":{"start":{"line":16,"column":12},"end":{"line":18,"column":3}},"line":16},"4":{"name":"(anonymous_4)","decl":{"start":{"line":20,"column":2},"end":{"line":20,"column":3}},"loc":{"start":{"line":20,"column":9},"end":{"line":22,"column":3}},"line":20},"5":{"name":"(anonymous_5)","decl":{"start":{"line":25,"column":2},"end":{"line":25,"column":3}},"loc":{"start":{"line":25,"column":22},"end":{"line":35,"column":3}},"line":25},"6":{"name":"(anonymous_6)","decl":{"start":{"line":29,"column":25},"end":{"line":29,"column":26}},"loc":{"start":{"line":29,"column":38},"end":{"line":33,"column":7}},"line":29}},"branchMap":{"0":{"loc":{"start":{"line":26,"column":4},"end":{"line":34,"column":5}},"type":"if","locations":[{"start":{"line":26,"column":4},"end":{"line":34,"column":5}},{"start":{"line":26,"column":4},"end":{"line":34,"column":5}}],"line":26},"1":{"loc":{"start":{"line":30,"column":8},"end":{"line":32,"column":9}},"type":"if","locations":[{"start":{"line":30,"column":8},"end":{"line":32,"column":9}},{"start":{"line":30,"column":8},"end":{"line":32,"column":9}}],"line":30}},"s":{"0":6,"1":6,"2":6,"3":2,"4":2,"5":1,"6":1,"7":6,"8":2,"9":2,"10":2,"11":2,"12":2,"13":1},"f":{"0":6,"1":2,"2":2,"3":1,"4":1,"5":6,"6":2},"b":{"0":[2,4],"1":[2,0]},"_coverageSchema":"43e27e138ebf9cfc5966b082cf9a028302ed4184","hash":"de75ce25daf0ca937a1939622b8ce151585e7d65"}
,"/Users/student/Desktop/final-project/Sadiq-s-Scooters/lib/person.js": {"path":"/Users/student/Desktop/final-project/Sadiq-s-Scooters/lib/person.js","statementMap":{"0":{"start":{"line":4,"column":4},"end":{"line":4,"column":33}},"1":{"start":{"line":5,"column":4},"end":{"line":5,"column":35}},"2":{"start":{"line":6,"column":4},"end":{"line":6,"column":22}},"3":{"start":{"line":7,"column":4},"end":{"line":7,"column":32}},"4":{"start":{"line":8,"column":4},"end":{"line":8,"column":19}},"5":{"start":{"line":9,"column":4},"end":{"line":9,"column":27}},"6":{"start":{"line":11,"column":4},"end":{"line":24,"column":5}},"7":{"start":{"line":12,"column":6},"end":{"line":14,"column":7}},"8":{"start":{"line":13,"column":8},"end":{"line":13,"column":44}},"9":{"start":{"line":15,"column":6},"end":{"line":17,"column":7}},"10":{"start":{"line":16,"column":8},"end":{"line":16,"column":50}},"11":{"start":{"line":18,"column":6},"end":{"line":20,"column":7}},"12":{"start":{"line":19,"column":8},"end":{"line":19,"column":38}},"13":{"start":{"line":21,"column":6},"end":{"line":23,"column":7}},"14":{"start":{"line":22,"column":8},"end":{"line":22,"column":36}},"15":{"start":{"line":29,"column":4},"end":{"line":29,"column":26}},"16":{"start":{"line":33,"column":4},"end":{"line":33,"column":32}},"17":{"start":{"line":37,"column":4},"end":{"line":37,"column":26}},"18":{"start":{"line":42,"column":4},"end":{"line":53,"column":5}},"19":{"start":{"line":43,"column":6},"end":{"line":47,"column":7}},"20":{"start":{"line":44,"column":8},"end":{"line":44,"column":44}},"21":{"start":{"line":45,"column":8},"end":{"line":45,"column":29}},"22":{"start":{"line":48,"column":6},"end":{"line":48,"column":33}},"23":{"start":{"line":49,"column":6},"end":{"line":49,"column":27}},"24":{"start":{"line":50,"column":11},"end":{"line":53,"column":5}},"25":{"start":{"line":51,"column":6},"end":{"line":51,"column":40}},"26":{"start":{"line":52,"column":6},"end":{"line":52,"column":27}},"27":{"start":{"line":55,"column":4},"end":{"line":55,"column":24}},"28":{"start":{"line":57,"column":4},"end":{"line":57,"column":25}},"29":{"start":{"line":61,"column":13},"end":{"line":61,"column":53}},"30":{"start":{"line":62,"column":13},"end":{"line":62,"column":53}},"31":{"start":{"line":63,"column":16},"end":{"line":63,"column":34}},"32":{"start":{"line":65,"column":4},"end":{"line":65,"column":55}},"33":{"start":{"line":66,"column":4},"end":{"line":66,"column":55}},"34":{"start":{"line":70,"column":4},"end":{"line":70,"column":105}},"35":{"start":{"line":74,"column":12},"end":{"line":74,"column":52}},"36":{"start":{"line":75,"column":12},"end":{"line":75,"column":52}},"37":{"start":{"line":76,"column":28},"end":{"line":76,"column":45}},"38":{"start":{"line":77,"column":4},"end":{"line":79,"column":5}},"39":{"start":{"line":78,"column":6},"end":{"line":78,"column":17}},"40":{"start":{"line":80,"column":4},"end":{"line":80,"column":16}},"41":{"start":{"line":85,"column":0},"end":{"line":85,"column":24}}},"fnMap":{"0":{"name":"(anonymous_0)","decl":{"start":{"line":2,"column":2},"end":{"line":2,"column":3}},"loc":{"start":{"line":2,"column":23},"end":{"line":26,"column":3}},"line":2},"1":{"name":"(anonymous_1)","decl":{"start":{"line":28,"column":2},"end":{"line":28,"column":3}},"loc":{"start":{"line":28,"column":17},"end":{"line":30,"column":3}},"line":28},"2":{"name":"(anonymous_2)","decl":{"start":{"line":32,"column":2},"end":{"line":32,"column":3}},"loc":{"start":{"line":32,"column":23},"end":{"line":34,"column":3}},"line":32},"3":{"name":"(anonymous_3)","decl":{"start":{"line":36,"column":2},"end":{"line":36,"column":3}},"loc":{"start":{"line":36,"column":15},"end":{"line":38,"column":3}},"line":36},"4":{"name":"(anonymous_4)","decl":{"start":{"line":40,"column":2},"end":{"line":40,"column":3}},"loc":{"start":{"line":40,"column":9},"end":{"line":58,"column":3}},"line":40},"5":{"name":"(anonymous_5)","decl":{"start":{"line":60,"column":2},"end":{"line":60,"column":3}},"loc":{"start":{"line":60,"column":17},"end":{"line":67,"column":3}},"line":60},"6":{"name":"(anonymous_6)","decl":{"start":{"line":69,"column":2},"end":{"line":69,"column":3}},"loc":{"start":{"line":69,"column":18},"end":{"line":71,"column":3}},"line":69},"7":{"name":"(anonymous_7)","decl":{"start":{"line":73,"column":2},"end":{"line":73,"column":3}},"loc":{"start":{"line":73,"column":20},"end":{"line":81,"column":3}},"line":73}},"branchMap":{"0":{"loc":{"start":{"line":11,"column":4},"end":{"line":24,"column":5}},"type":"if","locations":[{"start":{"line":11,"column":4},"end":{"line":24,"column":5}},{"start":{"line":11,"column":4},"end":{"line":24,"column":5}}],"line":11},"1":{"loc":{"start":{"line":12,"column":6},"end":{"line":14,"column":7}},"type":"if","locations":[{"start":{"line":12,"column":6},"end":{"line":14,"column":7}},{"start":{"line":12,"column":6},"end":{"line":14,"column":7}}],"line":12},"2":{"loc":{"start":{"line":15,"column":6},"end":{"line":17,"column":7}},"type":"if","locations":[{"start":{"line":15,"column":6},"end":{"line":17,"column":7}},{"start":{"line":15,"column":6},"end":{"line":17,"column":7}}],"line":15},"3":{"loc":{"start":{"line":18,"column":6},"end":{"line":20,"column":7}},"type":"if","locations":[{"start":{"line":18,"column":6},"end":{"line":20,"column":7}},{"start":{"line":18,"column":6},"end":{"line":20,"column":7}}],"line":18},"4":{"loc":{"start":{"line":21,"column":6},"end":{"line":23,"column":7}},"type":"if","locations":[{"start":{"line":21,"column":6},"end":{"line":23,"column":7}},{"start":{"line":21,"column":6},"end":{"line":23,"column":7}}],"line":21},"5":{"loc":{"start":{"line":42,"column":4},"end":{"line":53,"column":5}},"type":"if","locations":[{"start":{"line":42,"column":4},"end":{"line":53,"column":5}},{"start":{"line":42,"column":4},"end":{"line":53,"column":5}}],"line":42},"6":{"loc":{"start":{"line":43,"column":6},"end":{"line":47,"column":7}},"type":"if","locations":[{"start":{"line":43,"column":6},"end":{"line":47,"column":7}},{"start":{"line":43,"column":6},"end":{"line":47,"column":7}}],"line":43},"7":{"loc":{"start":{"line":50,"column":11},"end":{"line":53,"column":5}},"type":"if","locations":[{"start":{"line":50,"column":11},"end":{"line":53,"column":5}},{"start":{"line":50,"column":11},"end":{"line":53,"column":5}}],"line":50},"8":{"loc":{"start":{"line":70,"column":12},"end":{"line":70,"column":104}},"type":"binary-expr","locations":[{"start":{"line":70,"column":13},"end":{"line":70,"column":55}},{"start":{"line":70,"column":61},"end":{"line":70,"column":103}}],"line":70},"9":{"loc":{"start":{"line":77,"column":4},"end":{"line":79,"column":5}},"type":"if","locations":[{"start":{"line":77,"column":4},"end":{"line":79,"column":5}},{"start":{"line":77,"column":4},"end":{"line":79,"column":5}}],"line":77}},"s":{"0":8,"1":8,"2":8,"3":8,"4":8,"5":8,"6":8,"7":5,"8":5,"9":5,"10":5,"11":5,"12":5,"13":5,"14":1,"15":5,"16":62,"17":1,"18":199,"19":27,"20":1,"21":1,"22":26,"23":26,"24":172,"25":8,"26":8,"27":164,"28":164,"29":164,"30":164,"31":164,"32":164,"33":164,"34":245,"35":174,"36":174,"37":174,"38":174,"39":10,"40":164,"41":2},"f":{"0":8,"1":5,"2":62,"3":1,"4":199,"5":164,"6":245,"7":174},"b":{"0":[5,3],"1":[5,0],"2":[5,0],"3":[5,0],"4":[1,4],"5":[27,172],"6":[1,26],"7":[8,164],"8":[245,31],"9":[10,164]},"_coverageSchema":"43e27e138ebf9cfc5966b082cf9a028302ed4184","hash":"37d6ba9603831f852d29060df9b7e2ab097aab77"}
,"/Users/student/Desktop/final-project/Sadiq-s-Scooters/lib/scooter.js": {"path":"/Users/student/Desktop/final-project/Sadiq-s-Scooters/lib/scooter.js","statementMap":{"0":{"start":{"line":3,"column":4},"end":{"line":3,"column":22}},"1":{"start":{"line":7,"column":4},"end":{"line":7,"column":22}},"2":{"start":{"line":11,"column":0},"end":{"line":11,"column":25}}},"fnMap":{"0":{"name":"(anonymous_0)","decl":{"start":{"line":2,"column":2},"end":{"line":2,"column":3}},"loc":{"start":{"line":2,"column":15},"end":{"line":4,"column":3}},"line":2},"1":{"name":"(anonymous_1)","decl":{"start":{"line":6,"column":2},"end":{"line":6,"column":3}},"loc":{"start":{"line":6,"column":13},"end":{"line":8,"column":3}},"line":6}},"branchMap":{},"s":{"0":1,"1":1,"2":1},"f":{"0":1,"1":1},"b":{},"_coverageSchema":"43e27e138ebf9cfc5966b082cf9a028302ed4184","hash":"33470c3051c079a3bb9c606cd134de842312cc78"}
,"/Users/student/Desktop/final-project/Sadiq-s-Scooters/lib/world.js": {"path":"/Users/student/Desktop/final-project/Sadiq-s-Scooters/lib/world.js","statementMap":{"0":{"start":{"line":1,"column":15},"end":{"line":1,"column":39}},"1":{"start":{"line":5,"column":4},"end":{"line":5,"column":21}},"2":{"start":{"line":9,"column":4},"end":{"line":9,"column":24}},"3":{"start":{"line":13,"column":4},"end":{"line":13,"column":43}},"4":{"start":{"line":19,"column":4},"end":{"line":21,"column":6}},"5":{"start":{"line":20,"column":6},"end":{"line":20,"column":35}},"6":{"start":{"line":24,"column":4},"end":{"line":26,"column":6}},"7":{"start":{"line":25,"column":6},"end":{"line":25,"column":20}},"8":{"start":{"line":31,"column":0},"end":{"line":31,"column":23}}},"fnMap":{"0":{"name":"(anonymous_0)","decl":{"start":{"line":4,"column":2},"end":{"line":4,"column":3}},"loc":{"start":{"line":4,"column":16},"end":{"line":6,"column":3}},"line":4},"1":{"name":"(anonymous_1)","decl":{"start":{"line":8,"column":2},"end":{"line":8,"column":3}},"loc":{"start":{"line":8,"column":15},"end":{"line":10,"column":3}},"line":8},"2":{"name":"(anonymous_2)","decl":{"start":{"line":12,"column":2},"end":{"line":12,"column":3}},"loc":{"start":{"line":12,"column":26},"end":{"line":14,"column":3}},"line":12},"3":{"name":"(anonymous_3)","decl":{"start":{"line":16,"column":2},"end":{"line":16,"column":3}},"loc":{"start":{"line":16,"column":9},"end":{"line":28,"column":3}},"line":16},"4":{"name":"(anonymous_4)","decl":{"start":{"line":19,"column":39},"end":{"line":19,"column":40}},"loc":{"start":{"line":19,"column":51},"end":{"line":21,"column":5}},"line":19},"5":{"name":"(anonymous_5)","decl":{"start":{"line":24,"column":25},"end":{"line":24,"column":26}},"loc":{"start":{"line":24,"column":37},"end":{"line":26,"column":5}},"line":24}},"branchMap":{},"s":{"0":1,"1":3,"2":9,"3":2,"4":116,"5":58,"6":116,"7":56,"8":1},"f":{"0":3,"1":9,"2":2,"3":116,"4":58,"5":56},"b":{},"_coverageSchema":"43e27e138ebf9cfc5966b082cf9a028302ed4184","hash":"7909623546564c6fc88cc9737490382d1afeb4ea"}
}
