TN:
SF:/Users/student/Desktop/final-project/Sadiq-s-Scooters/lib/docking_station.js
FN:2,(anonymous_0)
FN:9,(anonymous_1)
FN:12,(anonymous_2)
FN:16,(anonymous_3)
FN:20,(anonymous_4)
FN:25,(anonymous_5)
FN:29,(anonymous_6)
FNF:7
FNH:7
FNDA:6,(anonymous_0)
FNDA:2,(anonymous_1)
FNDA:2,(anonymous_2)
FNDA:1,(anonymous_3)
FNDA:1,(anonymous_4)
FNDA:6,(anonymous_5)
FNDA:2,(anonymous_6)
DA:3,6
DA:4,6
DA:6,6
DA:10,2
DA:13,2
DA:17,1
DA:21,1
DA:26,6
DA:27,2
DA:28,2
DA:29,2
DA:30,2
DA:31,2
DA:39,1
LF:14
LH:14
BRDA:26,0,0,2
BRDA:26,0,1,4
BRDA:30,1,0,2
BRDA:30,1,1,0
BRF:4
BRH:3
end_of_record
TN:
SF:/Users/student/Desktop/final-project/Sadiq-s-Scooters/lib/person.js
FN:2,(anonymous_0)
FN:28,(anonymous_1)
FN:32,(anonymous_2)
FN:36,(anonymous_3)
FN:40,(anonymous_4)
FN:60,(anonymous_5)
FN:69,(anonymous_6)
FN:73,(anonymous_7)
FNF:8
FNH:8
FNDA:8,(anonymous_0)
FNDA:5,(anonymous_1)
FNDA:62,(anonymous_2)
FNDA:1,(anonymous_3)
FNDA:199,(anonymous_4)
FNDA:164,(anonymous_5)
FNDA:245,(anonymous_6)
FNDA:174,(anonymous_7)
DA:4,8
DA:5,8
DA:6,8
DA:7,8
DA:8,8
DA:9,8
DA:11,8
DA:12,5
DA:13,5
DA:15,5
DA:16,5
DA:18,5
DA:19,5
DA:21,5
DA:22,1
DA:29,5
DA:33,62
DA:37,1
DA:42,199
DA:43,27
DA:44,1
DA:45,1
DA:48,26
DA:49,26
DA:50,172
DA:51,8
DA:52,8
DA:55,164
DA:57,164
DA:61,164
DA:62,164
DA:63,164
DA:65,164
DA:66,164
DA:70,245
DA:74,174
DA:75,174
DA:76,174
DA:77,174
DA:78,10
DA:80,164
DA:85,2
LF:42
LH:42
BRDA:11,0,0,5
BRDA:11,0,1,3
BRDA:12,1,0,5
BRDA:12,1,1,0
BRDA:15,2,0,5
BRDA:15,2,1,0
BRDA:18,3,0,5
BRDA:18,3,1,0
BRDA:21,4,0,1
BRDA:21,4,1,4
BRDA:42,5,0,27
BRDA:42,5,1,172
BRDA:43,6,0,1
BRDA:43,6,1,26
BRDA:50,7,0,8
BRDA:50,7,1,164
BRDA:70,8,0,245
BRDA:70,8,1,31
BRDA:77,9,0,10
BRDA:77,9,1,164
BRF:20
BRH:17
end_of_record
TN:
SF:/Users/student/Desktop/final-project/Sadiq-s-Scooters/lib/scooter.js
FN:2,(anonymous_0)
FN:6,(anonymous_1)
FNF:2
FNH:2
FNDA:1,(anonymous_0)
FNDA:1,(anonymous_1)
DA:3,1
DA:7,1
DA:11,1
LF:3
LH:3
BRF:0
BRH:0
end_of_record
TN:
SF:/Users/student/Desktop/final-project/Sadiq-s-Scooters/lib/world.js
FN:4,(anonymous_0)
FN:8,(anonymous_1)
FN:12,(anonymous_2)
FN:16,(anonymous_3)
FN:19,(anonymous_4)
FN:24,(anonymous_5)
FNF:6
FNH:6
FNDA:3,(anonymous_0)
FNDA:9,(anonymous_1)
FNDA:2,(anonymous_2)
FNDA:116,(anonymous_3)
FNDA:58,(anonymous_4)
FNDA:56,(anonymous_5)
DA:1,1
DA:5,3
DA:9,9
DA:13,2
DA:19,116
DA:20,58
DA:24,116
DA:25,56
DA:31,1
LF:9
LH:9
BRF:0
BRH:0
end_of_record
